Replace Part B? SMD TACT SWITCH BUTTON in C:\Users\hfk47\Documents\GitHub\falcon\Falcon_PCB\Falcon.SchDoc with SMD TACT SWITCH BUTTON from hfk-library.IntLib
Replace Part B? SMD TACT SWITCH BUTTON in C:\Users\hfk47\Documents\GitHub\falcon\Falcon_PCB\Falcon.SchDoc with SMD TACT SWITCH BUTTON from hfk-library.IntLib
Replace Part C? CAP SMD 603 in C:\Users\hfk47\Documents\GitHub\falcon\Falcon_PCB\Falcon.SchDoc with CAP SMD 603 from hfk-library.IntLib
Replace Part C? CAP SMD 603 in C:\Users\hfk47\Documents\GitHub\falcon\Falcon_PCB\Falcon.SchDoc with CAP SMD 603 from hfk-library.IntLib
Replace Part C? CAP SMD 603 in C:\Users\hfk47\Documents\GitHub\falcon\Falcon_PCB\Falcon.SchDoc with CAP SMD 603 from hfk-library.IntLib
Replace Part C? CAP SMD 603 in C:\Users\hfk47\Documents\GitHub\falcon\Falcon_PCB\Falcon.SchDoc with CAP SMD 603 from hfk-library.IntLib
Replace Part C? CAP SMD 603 in C:\Users\hfk47\Documents\GitHub\falcon\Falcon_PCB\Falcon.SchDoc with CAP SMD 603 from hfk-library.IntLib
Replace Part C? CAP SMD 603 in C:\Users\hfk47\Documents\GitHub\falcon\Falcon_PCB\Falcon.SchDoc with CAP SMD 603 from hfk-library.IntLib
Replace Part C? CAP SMD 603 in C:\Users\hfk47\Documents\GitHub\falcon\Falcon_PCB\Falcon.SchDoc with CAP SMD 603 from hfk-library.IntLib
Replace Part C? CAP SMD 603 in C:\Users\hfk47\Documents\GitHub\falcon\Falcon_PCB\Falcon.SchDoc with CAP SMD 603 from hfk-library.IntLib
Replace Part C? CAP SMD 603 in C:\Users\hfk47\Documents\GitHub\falcon\Falcon_PCB\Falcon.SchDoc with CAP SMD 603 from hfk-library.IntLib
Replace Part C? CAP SMD 603 in C:\Users\hfk47\Documents\GitHub\falcon\Falcon_PCB\Falcon.SchDoc with CAP SMD 603 from hfk-library.IntLib
Replace Part C? CAP SMD 603 in C:\Users\hfk47\Documents\GitHub\falcon\Falcon_PCB\Falcon.SchDoc with CAP SMD 603 from hfk-library.IntLib
Replace Part C? CAP SMD 603 in C:\Users\hfk47\Documents\GitHub\falcon\Falcon_PCB\Falcon.SchDoc with CAP SMD 603 from hfk-library.IntLib
Replace Part C? CAP SMD 603 in C:\Users\hfk47\Documents\GitHub\falcon\Falcon_PCB\Falcon.SchDoc with CAP SMD 603 from hfk-library.IntLib
Replace Part C? CAP SMD 603 in C:\Users\hfk47\Documents\GitHub\falcon\Falcon_PCB\Falcon.SchDoc with CAP SMD 603 from hfk-library.IntLib
Replace Part C? CAP SMD 603 in C:\Users\hfk47\Documents\GitHub\falcon\Falcon_PCB\Falcon.SchDoc with CAP SMD 603 from hfk-library.IntLib
Replace Part C? CAP SMD 603 in C:\Users\hfk47\Documents\GitHub\falcon\Falcon_PCB\Falcon.SchDoc with CAP SMD 603 from hfk-library.IntLib
Replace Part C? CAP SMD 603 in C:\Users\hfk47\Documents\GitHub\falcon\Falcon_PCB\Falcon.SchDoc with CAP SMD 603 from hfk-library.IntLib
Replace Part C? CAP SMD 603 in C:\Users\hfk47\Documents\GitHub\falcon\Falcon_PCB\Falcon.SchDoc with CAP SMD 603 from hfk-library.IntLib
Replace Part C? CAP SMD 603 in C:\Users\hfk47\Documents\GitHub\falcon\Falcon_PCB\Falcon.SchDoc with CAP SMD 603 from hfk-library.IntLib
Replace Part C? CAP SMD 603 in C:\Users\hfk47\Documents\GitHub\falcon\Falcon_PCB\Falcon.SchDoc with CAP SMD 603 from hfk-library.IntLib
Replace Part C? CAP SMD 603 in C:\Users\hfk47\Documents\GitHub\falcon\Falcon_PCB\Falcon.SchDoc with CAP SMD 603 from hfk-library.IntLib
Replace Part C? CAP SMD 603 in C:\Users\hfk47\Documents\GitHub\falcon\Falcon_PCB\Falcon.SchDoc with CAP SMD 603 from hfk-library.IntLib
Replace Part C? CAP SMD 603 in C:\Users\hfk47\Documents\GitHub\falcon\Falcon_PCB\Falcon.SchDoc with CAP SMD 603 from hfk-library.IntLib
Replace Part C? CAP SMD 603 in C:\Users\hfk47\Documents\GitHub\falcon\Falcon_PCB\Falcon.SchDoc with CAP SMD 603 from hfk-library.IntLib
Replace Part C? CAP SMD 603 in C:\Users\hfk47\Documents\GitHub\falcon\Falcon_PCB\Falcon.SchDoc with CAP SMD 603 from hfk-library.IntLib
Replace Part C? CAP SMD 603 in C:\Users\hfk47\Documents\GitHub\falcon\Falcon_PCB\Falcon.SchDoc with CAP SMD 603 from hfk-library.IntLib
Replace Part C? CAP SMD 603 in C:\Users\hfk47\Documents\GitHub\falcon\Falcon_PCB\Falcon.SchDoc with CAP SMD 603 from hfk-library.IntLib
Replace Part C? CAP SMD 603 in C:\Users\hfk47\Documents\GitHub\falcon\Falcon_PCB\Falcon.SchDoc with CAP SMD 603 from hfk-library.IntLib
Replace Part C? CAP SMD 603 in C:\Users\hfk47\Documents\GitHub\falcon\Falcon_PCB\Falcon.SchDoc with CAP SMD 603 from hfk-library.IntLib
Replace Part C? CAP SMD 603 in C:\Users\hfk47\Documents\GitHub\falcon\Falcon_PCB\Falcon.SchDoc with CAP SMD 603 from hfk-library.IntLib
Replace Part C? CAP SMD 603 in C:\Users\hfk47\Documents\GitHub\falcon\Falcon_PCB\Falcon.SchDoc with CAP SMD 603 from hfk-library.IntLib
Replace Part C? CAP SMD 603 in C:\Users\hfk47\Documents\GitHub\falcon\Falcon_PCB\Falcon.SchDoc with CAP SMD 603 from hfk-library.IntLib
Replace Part C? CAP SMD 603 in C:\Users\hfk47\Documents\GitHub\falcon\Falcon_PCB\Falcon.SchDoc with CAP SMD 603 from hfk-library.IntLib
Replace Part C? CAP SMD 603 in C:\Users\hfk47\Documents\GitHub\falcon\Falcon_PCB\Falcon.SchDoc with CAP SMD 603 from hfk-library.IntLib
Replace Part C? CAP SMD 603 in C:\Users\hfk47\Documents\GitHub\falcon\Falcon_PCB\Falcon.SchDoc with CAP SMD 603 from hfk-library.IntLib
Replace Part C? CAP SMD 603 in C:\Users\hfk47\Documents\GitHub\falcon\Falcon_PCB\Falcon.SchDoc with CAP SMD 603 from hfk-library.IntLib
Replace Part C? CAP SMD 603 in C:\Users\hfk47\Documents\GitHub\falcon\Falcon_PCB\Falcon.SchDoc with CAP SMD 603 from hfk-library.IntLib
Replace Part C? CAP SMD 603 in C:\Users\hfk47\Documents\GitHub\falcon\Falcon_PCB\Falcon.SchDoc with CAP SMD 603 from hfk-library.IntLib
Replace Part C? CAP SMD 603 in C:\Users\hfk47\Documents\GitHub\falcon\Falcon_PCB\Falcon.SchDoc with CAP SMD 603 from hfk-library.IntLib
Replace Part C? CAP SMD 603 in C:\Users\hfk47\Documents\GitHub\falcon\Falcon_PCB\Falcon.SchDoc with CAP SMD 603 from hfk-library.IntLib
Replace Part C? CAP SMD 603 in C:\Users\hfk47\Documents\GitHub\falcon\Falcon_PCB\Falcon.SchDoc with CAP SMD 603 from hfk-library.IntLib
Replace Part C? CAP SMD 603 in C:\Users\hfk47\Documents\GitHub\falcon\Falcon_PCB\Falcon.SchDoc with CAP SMD 603 from hfk-library.IntLib
Replace Part D? LED 603 SMD in C:\Users\hfk47\Documents\GitHub\falcon\Falcon_PCB\Falcon.SchDoc with LED 603 SMD from hfk-library.IntLib
Replace Part D? LED 603 SMD in C:\Users\hfk47\Documents\GitHub\falcon\Falcon_PCB\Falcon.SchDoc with LED 603 SMD from hfk-library.IntLib
Replace Part J? CON1x3_2.54mm in C:\Users\hfk47\Documents\GitHub\falcon\Falcon_PCB\Falcon.SchDoc with CON1x3_2.54mm from hfk-library.IntLib
Replace Part J? CON1x3_2.54mm in C:\Users\hfk47\Documents\GitHub\falcon\Falcon_PCB\Falcon.SchDoc with CON1x3_2.54mm from hfk-library.IntLib
Replace Part J? CON1x3_2.54mm in C:\Users\hfk47\Documents\GitHub\falcon\Falcon_PCB\Falcon.SchDoc with CON1x3_2.54mm from hfk-library.IntLib
Replace Part J? CON1x3_2.54mm in C:\Users\hfk47\Documents\GitHub\falcon\Falcon_PCB\Falcon.SchDoc with CON1x3_2.54mm from hfk-library.IntLib
Replace Part J? CON1x3_2.54mm in C:\Users\hfk47\Documents\GitHub\falcon\Falcon_PCB\Falcon.SchDoc with CON1x3_2.54mm from hfk-library.IntLib
Replace Part J? CON1x3_2.54mm in C:\Users\hfk47\Documents\GitHub\falcon\Falcon_PCB\Falcon.SchDoc with CON1x3_2.54mm from hfk-library.IntLib
Replace Part J? CON1x3_2.54mm in C:\Users\hfk47\Documents\GitHub\falcon\Falcon_PCB\Falcon.SchDoc with CON1x3_2.54mm from hfk-library.IntLib
Replace Part J? CON1x3_2.54mm in C:\Users\hfk47\Documents\GitHub\falcon\Falcon_PCB\Falcon.SchDoc with CON1x3_2.54mm from hfk-library.IntLib
Replace Part J? CON1x3_2.54mm in C:\Users\hfk47\Documents\GitHub\falcon\Falcon_PCB\Falcon.SchDoc with CON1x3_2.54mm from hfk-library.IntLib
Replace Part J? CON1x3_2.54mm in C:\Users\hfk47\Documents\GitHub\falcon\Falcon_PCB\Falcon.SchDoc with CON1x3_2.54mm from hfk-library.IntLib
Replace Part J? CON1x3_2.54mm in C:\Users\hfk47\Documents\GitHub\falcon\Falcon_PCB\Falcon.SchDoc with CON1x3_2.54mm from hfk-library.IntLib
Replace Part J? CON1x4_2.54mm in C:\Users\hfk47\Documents\GitHub\falcon\Falcon_PCB\Falcon.SchDoc with CON1x4_2.54mm from hfk-library.IntLib
Replace Part J? CON1x3_2.54mm in C:\Users\hfk47\Documents\GitHub\falcon\Falcon_PCB\Falcon.SchDoc with CON1x3_2.54mm from hfk-library.IntLib
Replace Part J? CON1x4_2.54mm in C:\Users\hfk47\Documents\GitHub\falcon\Falcon_PCB\Falcon.SchDoc with CON1x4_2.54mm from hfk-library.IntLib
Replace Part J? CON1x3_2.54mm in C:\Users\hfk47\Documents\GitHub\falcon\Falcon_PCB\Falcon.SchDoc with CON1x3_2.54mm from hfk-library.IntLib
Replace Part J? CON1x3_2.54mm in C:\Users\hfk47\Documents\GitHub\falcon\Falcon_PCB\Falcon.SchDoc with CON1x3_2.54mm from hfk-library.IntLib
Replace Part J? L-KLS1-TF-003-H1.85-R in C:\Users\hfk47\Documents\GitHub\falcon\Falcon_PCB\Falcon.SchDoc with L-KLS1-TF-003-H1.85-R from hfk-library.IntLib
Replace Part J? CON1x3_2.54mm in C:\Users\hfk47\Documents\GitHub\falcon\Falcon_PCB\Falcon.SchDoc with CON1x3_2.54mm from hfk-library.IntLib
Replace Part J? CON1x3_2.54mm in C:\Users\hfk47\Documents\GitHub\falcon\Falcon_PCB\Falcon.SchDoc with CON1x3_2.54mm from hfk-library.IntLib
Replace Part J? CON1x3_2.54mm in C:\Users\hfk47\Documents\GitHub\falcon\Falcon_PCB\Falcon.SchDoc with CON1x3_2.54mm from hfk-library.IntLib
Replace Part J? CON1x3_2.54mm in C:\Users\hfk47\Documents\GitHub\falcon\Falcon_PCB\Falcon.SchDoc with CON1x3_2.54mm from hfk-library.IntLib
Replace Part J? CON1x3_2.54mm in C:\Users\hfk47\Documents\GitHub\falcon\Falcon_PCB\Falcon.SchDoc with CON1x3_2.54mm from hfk-library.IntLib
Replace Part J? CON1x5_2.54mm in C:\Users\hfk47\Documents\GitHub\falcon\Falcon_PCB\Falcon.SchDoc with CON1x5_2.54mm from hfk-library.IntLib
Replace Part J? CON1x3_2.54mm in C:\Users\hfk47\Documents\GitHub\falcon\Falcon_PCB\Falcon.SchDoc with CON1x3_2.54mm from hfk-library.IntLib
Replace Part J? CON1x3_2.54mm in C:\Users\hfk47\Documents\GitHub\falcon\Falcon_PCB\Falcon.SchDoc with CON1x3_2.54mm from hfk-library.IntLib
Replace Part J? CON1x3_2.54mm in C:\Users\hfk47\Documents\GitHub\falcon\Falcon_PCB\Falcon.SchDoc with CON1x3_2.54mm from hfk-library.IntLib
Replace Part J? CON1x3_2.54mm in C:\Users\hfk47\Documents\GitHub\falcon\Falcon_PCB\Falcon.SchDoc with CON1x3_2.54mm from hfk-library.IntLib
Replace Part J? CON1x3_2.54mm in C:\Users\hfk47\Documents\GitHub\falcon\Falcon_PCB\Falcon.SchDoc with CON1x3_2.54mm from hfk-library.IntLib
Replace Part J? CON1x3_2.54mm in C:\Users\hfk47\Documents\GitHub\falcon\Falcon_PCB\Falcon.SchDoc with CON1x3_2.54mm from hfk-library.IntLib
Replace Part R? RES SMD 0603 in C:\Users\hfk47\Documents\GitHub\falcon\Falcon_PCB\Falcon.SchDoc with RES SMD 0603 from hfk-library.IntLib
Replace Part R? RES SMD 0603 in C:\Users\hfk47\Documents\GitHub\falcon\Falcon_PCB\Falcon.SchDoc with RES SMD 0603 from hfk-library.IntLib
Replace Part R? RES SMD 0603 in C:\Users\hfk47\Documents\GitHub\falcon\Falcon_PCB\Falcon.SchDoc with RES SMD 0603 from hfk-library.IntLib
Replace Part R? RES SMD 0603 in C:\Users\hfk47\Documents\GitHub\falcon\Falcon_PCB\Falcon.SchDoc with RES SMD 0603 from hfk-library.IntLib
Replace Part R? RES SMD 0603 in C:\Users\hfk47\Documents\GitHub\falcon\Falcon_PCB\Falcon.SchDoc with RES SMD 0603 from hfk-library.IntLib
Replace Part R? RES SMD 0603 in C:\Users\hfk47\Documents\GitHub\falcon\Falcon_PCB\Falcon.SchDoc with RES SMD 0603 from hfk-library.IntLib
Replace Part R? RES SMD 0603 in C:\Users\hfk47\Documents\GitHub\falcon\Falcon_PCB\Falcon.SchDoc with RES SMD 0603 from hfk-library.IntLib
Replace Part R? RES SMD 0603 in C:\Users\hfk47\Documents\GitHub\falcon\Falcon_PCB\Falcon.SchDoc with RES SMD 0603 from hfk-library.IntLib
Replace Part R? RES SMD 0603 in C:\Users\hfk47\Documents\GitHub\falcon\Falcon_PCB\Falcon.SchDoc with RES SMD 0603 from hfk-library.IntLib
Replace Part R? RES SMD 0603 in C:\Users\hfk47\Documents\GitHub\falcon\Falcon_PCB\Falcon.SchDoc with RES SMD 0603 from hfk-library.IntLib
Replace Part R? RES SMD 0603 in C:\Users\hfk47\Documents\GitHub\falcon\Falcon_PCB\Falcon.SchDoc with RES SMD 0603 from hfk-library.IntLib
Replace Part R? RES SMD 0603 in C:\Users\hfk47\Documents\GitHub\falcon\Falcon_PCB\Falcon.SchDoc with RES SMD 0603 from hfk-library.IntLib
Replace Part R? RES SMD 0603 in C:\Users\hfk47\Documents\GitHub\falcon\Falcon_PCB\Falcon.SchDoc with RES SMD 0603 from hfk-library.IntLib
Replace Part R? RES SMD 0603 in C:\Users\hfk47\Documents\GitHub\falcon\Falcon_PCB\Falcon.SchDoc with RES SMD 0603 from hfk-library.IntLib
Replace Part R? RES SMD 0603 in C:\Users\hfk47\Documents\GitHub\falcon\Falcon_PCB\Falcon.SchDoc with RES SMD 0603 from hfk-library.IntLib
Replace Part R? RES SMD 0603 in C:\Users\hfk47\Documents\GitHub\falcon\Falcon_PCB\Falcon.SchDoc with RES SMD 0603 from hfk-library.IntLib
Replace Part R? RES SMD 0603 in C:\Users\hfk47\Documents\GitHub\falcon\Falcon_PCB\Falcon.SchDoc with RES SMD 0603 from hfk-library.IntLib
Replace Part REG? AMS1117 in C:\Users\hfk47\Documents\GitHub\falcon\Falcon_PCB\Falcon.SchDoc with AMS1117 from hfk-library.IntLib
Replace Part U? STM32F407VGT6 in C:\Users\hfk47\Documents\GitHub\falcon\Falcon_PCB\Falcon.SchDoc with STM32F407VGT6 from hfk-library.IntLib
Replace Part U? STM32F103C8T6 in C:\Users\hfk47\Documents\GitHub\falcon\Falcon_PCB\Falcon.SchDoc with STM32F103C8T6 from hfk-library.IntLib
Replace Part U? ICM42688-P in C:\Users\hfk47\Documents\GitHub\falcon\Falcon_PCB\Falcon.SchDoc with ICM42688-P from hfk-library.IntLib
Replace Part U? Ebyte Lora in C:\Users\hfk47\Documents\GitHub\falcon\Falcon_PCB\Falcon.SchDoc with Ebyte Lora from hfk-library.IntLib
Replace Part U? NRF24L01 Module in C:\Users\hfk47\Documents\GitHub\falcon\Falcon_PCB\Falcon.SchDoc with NRF24L01 Module from hfk-library.IntLib
Replace Part X? HC49-S Crystal Oscillator in C:\Users\hfk47\Documents\GitHub\falcon\Falcon_PCB\Falcon.SchDoc with HC49-S Crystal Oscillator from hfk-library.IntLib
Replace Part X? HC49-S Crystal Oscillator in C:\Users\hfk47\Documents\GitHub\falcon\Falcon_PCB\Falcon.SchDoc with HC49-S Crystal Oscillator from hfk-library.IntLib
