Added Component: Designator=B1(SMD TACT SWITCH BUTTON)
Added Component: Designator=B2(SMD TACT SWITCH BUTTON)
Added Component: Designator=C1(0603 SMD CAP)
Added Component: Designator=C2(0603 SMD CAP)
Added Component: Designator=C3(0603 SMD CAP)
Added Component: Designator=C4(0603 SMD CAP)
Added Component: Designator=C5(0603 SMD CAP)
Added Component: Designator=C6(0603 SMD CAP)
Added Component: Designator=C7(0603 SMD CAP)
Added Component: Designator=C8(0603 SMD CAP)
Added Component: Designator=C9(0603 SMD CAP)
Added Component: Designator=C11(0603 SMD CAP)
Added Component: Designator=C12(0603 SMD CAP)
Added Component: Designator=C13(0603 SMD CAP)
Added Component: Designator=C14(0603 SMD CAP)
Added Component: Designator=C15(0603 SMD CAP)
Added Component: Designator=C16(0603 SMD CAP)
Added Component: Designator=C17(0603 SMD CAP)
Added Component: Designator=C18(0603 SMD CAP)
Added Component: Designator=C19(0603 SMD CAP)
Added Component: Designator=C23(0603 SMD CAP)
Added Component: Designator=C24(0603 SMD CAP)
Added Component: Designator=C25(0603 SMD CAP)
Added Component: Designator=C26(0603 SMD CAP)
Added Component: Designator=C28(0603 SMD CAP)
Added Component: Designator=C29(0603 SMD CAP)
Added Component: Designator=C30(0603 SMD CAP)
Added Component: Designator=C32(0603 SMD CAP)
Added Component: Designator=C33(0603 SMD CAP)
Added Component: Designator=C34(0603 SMD CAP)
Added Component: Designator=C35(0603 SMD CAP)
Added Component: Designator=C36(0603 SMD CAP)
Added Component: Designator=C37(0603 SMD CAP)
Added Component: Designator=C38(0603 SMD CAP)
Added Component: Designator=C40(0603 SMD CAP)
Added Component: Designator=C41(0603 SMD CAP)
Added Component: Designator=C42(0603 SMD CAP)
Added Component: Designator=C44(0603 SMD CAP)
Added Component: Designator=C45(0603 SMD CAP)
Added Component: Designator=C46(0603 SMD CAP)
Added Component: Designator=D1(0603 SMD LED)
Added Component: Designator=D2(0603 SMD LED)
Added Component: Designator=J1(CON1x4_2.54MM)
Added Component: Designator=J2(CON1x4_2.54MM)
Added Component: Designator=J3(CON1x3_2.54MM)
Added Component: Designator=J4(CON1x3_2.54MM)
Added Component: Designator=J5(CON1x5_2.54MM)
Added Component: Designator=J6(CON1x7_2.54MM)
Added Component: Designator=J7(CON1x5_2.54MM)
Added Component: Designator=J8(CON1x3_2.54MM)
Added Component: Designator=J9(CON1x3_2.54MM)
Added Component: Designator=J10(CON1x3_2.54MM)
Added Component: Designator=J11(CON1x3_2.54MM)
Added Component: Designator=J12(CON1x3_2.54MM)
Added Component: Designator=J13(CON1x3_2.54MM)
Added Component: Designator=J14(CON1x3_2.54MM)
Added Component: Designator=J15(CON1x3_2.54MM)
Added Component: Designator=J16(CON1x3_2.54MM)
Added Component: Designator=J17(CON1x3_2.54MM)
Added Component: Designator=J18(CON1x3_2.54MM)
Added Component: Designator=J19(CON1x3_2.54MM)
Added Component: Designator=J20(CON1x3_2.54MM)
Added Component: Designator=J21(CON1x3_2.54MM)
Added Component: Designator=J22(CON1x3_2.54MM)
Added Component: Designator=J23(CON1x3_2.54MM)
Added Component: Designator=J24(L-KLS1-TF-003-H1.85-R)
Added Component: Designator=J25(CON1x3_2.54MM)
Added Component: Designator=J26(CON1x3_2.54MM)
Added Component: Designator=J27(CON1x3_2.54MM)
Added Component: Designator=J28(CON1x3_2.54MM)
Added Component: Designator=J29(CON1x3_2.54MM)
Added Component: Designator=J40(CON1x7_2.54MM)
Added Component: Designator=J41(CON2x3_2.54MM)
Added Component: Designator=J42(CON1x5_2.54MM)
Added Component: Designator=J43(CON1x5_2.54MM)
Added Component: Designator=J44(CON1x5_2.54MM)
Added Component: Designator=R1(0603 SMD RES)
Added Component: Designator=R2(0603 SMD RES)
Added Component: Designator=R3(0603 SMD RES)
Added Component: Designator=R4(0603 SMD RES)
Added Component: Designator=R5(0603 SMD RES)
Added Component: Designator=R6(0603 SMD RES)
Added Component: Designator=R7(0603 SMD RES)
Added Component: Designator=R8(0603 SMD RES)
Added Component: Designator=R9(0603 SMD RES)
Added Component: Designator=R10(0603 SMD RES)
Added Component: Designator=R11(0603 SMD RES)
Added Component: Designator=R12(0603 SMD RES)
Added Component: Designator=R13(0603 SMD RES)
Added Component: Designator=R14(0603 SMD RES)
Added Component: Designator=R15(0603 SMD RES)
Added Component: Designator=R16(0603 SMD RES)
Added Component: Designator=R17(0603 SMD RES)
Added Component: Designator=R18(0603 SMD RES)
Added Component: Designator=R19(0603 SMD RES)
Added Component: Designator=R20(0603 SMD RES)
Added Component: Designator=R21(0603 SMD RES)
Added Component: Designator=R22(0603 SMD RES)
Added Component: Designator=R23(0603 SMD RES)
Added Component: Designator=R24(0603 SMD RES)
Added Component: Designator=R25(0603 SMD RES)
Added Component: Designator=R26(0603 SMD RES)
Added Component: Designator=R27(0603 SMD RES)
Added Component: Designator=R28(0603 SMD RES)
Added Component: Designator=R29(0603 SMD RES)
Added Component: Designator=R30(0603 SMD RES)
Added Component: Designator=R31(0603 SMD RES)
Added Component: Designator=R32(0603 SMD RES)
Added Component: Designator=R33(0603 SMD RES)
Added Component: Designator=R81(0603 SMD RES)
Added Component: Designator=R82(0603 SMD RES)
Added Component: Designator=R83(0603 SMD RES)
Added Component: Designator=R84(0603 SMD RES)
Added Component: Designator=R85(0603 SMD RES)
Added Component: Designator=R86(0603 SMD RES)
Added Component: Designator=REG1(SOT-223)
Added Component: Designator=U1(NRF24L01 MODULE)
Added Component: Designator=U2(Ebyte LoRa Modul)
Added Component: Designator=U3(LQFP-48)
Added Component: Designator=U4(LQFP-100)
Added Component: Designator=U5(LGA-14)
Added Component: Designator=U6(TYPE-C USB4105-GF-A-120)
Added Component: Designator=U21(VFLGA-16)
Added Component: Designator=U22(WFLGA-10)
Added Component: Designator=X1(HC49-S Crystal Oscillator)
Added Component: Designator=X2(HC49-S Crystal Oscillator)
Added Pin To Net: NetName=3.3V Pin=C35-1
Added Pin To Net: NetName=3.3V Pin=C36-1
Added Pin To Net: NetName=3.3V Pin=C37-1
Added Pin To Net: NetName=3.3V Pin=C38-1
Added Pin To Net: NetName=3.3V Pin=C40-1
Added Pin To Net: NetName=3.3V Pin=C41-1
Added Pin To Net: NetName=3.3V Pin=C42-1
Added Pin To Net: NetName=3.3V Pin=C44-1
Added Pin To Net: NetName=3.3V Pin=C45-1
Added Pin To Net: NetName=3.3V Pin=C46-1
Added Pin To Net: NetName=3.3V Pin=D1-A
Added Pin To Net: NetName=3.3V Pin=D2-A
Added Pin To Net: NetName=3.3V Pin=J1-1
Added Pin To Net: NetName=3.3V Pin=J2-1
Added Pin To Net: NetName=3.3V Pin=J3-3
Added Pin To Net: NetName=3.3V Pin=J4-3
Added Pin To Net: NetName=3.3V Pin=J5-2
Added Pin To Net: NetName=3.3V Pin=J24-4
Added Pin To Net: NetName=3.3V Pin=J25-1
Added Pin To Net: NetName=3.3V Pin=J26-1
Added Pin To Net: NetName=3.3V Pin=J27-1
Added Pin To Net: NetName=3.3V Pin=J28-1
Added Pin To Net: NetName=3.3V Pin=J29-1
Added Pin To Net: NetName=3.3V Pin=J41-1
Added Pin To Net: NetName=3.3V Pin=J41-4
Added Pin To Net: NetName=3.3V Pin=J42-2
Added Pin To Net: NetName=3.3V Pin=J43-2
Added Pin To Net: NetName=3.3V Pin=J44-2
Added Pin To Net: NetName=3.3V Pin=R1-1
Added Pin To Net: NetName=3.3V Pin=R6-1
Added Pin To Net: NetName=3.3V Pin=R24-2
Added Pin To Net: NetName=3.3V Pin=R25-2
Added Pin To Net: NetName=3.3V Pin=R26-2
Added Pin To Net: NetName=3.3V Pin=R27-1
Added Pin To Net: NetName=3.3V Pin=R28-2
Added Pin To Net: NetName=3.3V Pin=R29-2
Added Pin To Net: NetName=3.3V Pin=R30-2
Added Pin To Net: NetName=3.3V Pin=R31-2
Added Pin To Net: NetName=3.3V Pin=R32-2
Added Pin To Net: NetName=3.3V Pin=R33-2
Added Pin To Net: NetName=3.3V Pin=R81-2
Added Pin To Net: NetName=3.3V Pin=R82-2
Added Pin To Net: NetName=3.3V Pin=REG1-2
Added Pin To Net: NetName=3.3V Pin=U1-2
Added Pin To Net: NetName=3.3V Pin=U3-9
Added Pin To Net: NetName=3.3V Pin=U3-24
Added Pin To Net: NetName=3.3V Pin=U3-36
Added Pin To Net: NetName=3.3V Pin=U3-48
Added Pin To Net: NetName=3.3V Pin=U4-11
Added Pin To Net: NetName=3.3V Pin=U4-19
Added Pin To Net: NetName=3.3V Pin=U4-21
Added Pin To Net: NetName=3.3V Pin=U4-22
Added Pin To Net: NetName=3.3V Pin=U4-28
Added Pin To Net: NetName=3.3V Pin=U4-50
Added Pin To Net: NetName=3.3V Pin=U4-75
Added Pin To Net: NetName=3.3V Pin=U4-100
Added Pin To Net: NetName=3.3V Pin=U5-5
Added Pin To Net: NetName=3.3V Pin=U5-8
Added Pin To Net: NetName=3.3V Pin=U21-2
Added Pin To Net: NetName=3.3V Pin=U21-4
Added Pin To Net: NetName=3.3V Pin=U21-13
Added Pin To Net: NetName=3.3V Pin=U22-1
Added Pin To Net: NetName=3.3V Pin=U22-10
Added Net: Name=3.3V
Added Pin To Net: NetName=5V Pin=C23-1
Added Pin To Net: NetName=5V Pin=C24-1
Added Pin To Net: NetName=5V Pin=C25-1
Added Pin To Net: NetName=5V Pin=C26-1
Added Pin To Net: NetName=5V Pin=C28-1
Added Pin To Net: NetName=5V Pin=C29-1
Added Pin To Net: NetName=5V Pin=C30-1
Added Pin To Net: NetName=5V Pin=C32-1
Added Pin To Net: NetName=5V Pin=C33-1
Added Pin To Net: NetName=5V Pin=C34-1
Added Pin To Net: NetName=5V Pin=J3-1
Added Pin To Net: NetName=5V Pin=J4-1
Added Pin To Net: NetName=5V Pin=J5-1
Added Pin To Net: NetName=5V Pin=J42-1
Added Pin To Net: NetName=5V Pin=J43-1
Added Pin To Net: NetName=5V Pin=J44-1
Added Pin To Net: NetName=5V Pin=REG1-3
Added Pin To Net: NetName=5V Pin=U6-A4_B9
Added Pin To Net: NetName=5V Pin=U6-B4_A9
Added Net: Name=5V
Added Pin To Net: NetName=5V_S Pin=C11-1
Added Pin To Net: NetName=5V_S Pin=C12-1
Added Pin To Net: NetName=5V_S Pin=C13-1
Added Pin To Net: NetName=5V_S Pin=C14-1
Added Pin To Net: NetName=5V_S Pin=C15-1
Added Pin To Net: NetName=5V_S Pin=C16-1
Added Pin To Net: NetName=5V_S Pin=C17-1
Added Pin To Net: NetName=5V_S Pin=C18-1
Added Pin To Net: NetName=5V_S Pin=C19-1
Added Pin To Net: NetName=5V_S Pin=J10-1
Added Pin To Net: NetName=5V_S Pin=J11-1
Added Pin To Net: NetName=5V_S Pin=J12-1
Added Pin To Net: NetName=5V_S Pin=J13-1
Added Pin To Net: NetName=5V_S Pin=J17-1
Added Pin To Net: NetName=5V_S Pin=J18-1
Added Pin To Net: NetName=5V_S Pin=J22-1
Added Pin To Net: NetName=5V_S Pin=J23-1
Added Net: Name=5V_S
Added Pin To Net: NetName=ADC_IN1 Pin=J25-2
Added Pin To Net: NetName=ADC_IN1 Pin=U3-11
Added Net: Name=ADC_IN1
Added Pin To Net: NetName=ADC_IN2 Pin=J29-2
Added Pin To Net: NetName=ADC_IN2 Pin=U3-12
Added Net: Name=ADC_IN2
Added Pin To Net: NetName=ADC_IN3 Pin=J26-2
Added Pin To Net: NetName=ADC_IN3 Pin=U3-13
Added Net: Name=ADC_IN3
Added Pin To Net: NetName=ADC_IN4 Pin=J27-2
Added Pin To Net: NetName=ADC_IN4 Pin=U3-14
Added Net: Name=ADC_IN4
Added Pin To Net: NetName=ADC_IN5 Pin=J28-2
Added Pin To Net: NetName=ADC_IN5 Pin=U3-15
Added Net: Name=ADC_IN5
Added Pin To Net: NetName=BMP388_CON_LED Pin=U4-5
Added Net: Name=BMP388_CON_LED
Added Pin To Net: NetName=BOOT0 Pin=R5-2
Added Pin To Net: NetName=BOOT0 Pin=U3-44
Added Net: Name=BOOT0
Added Pin To Net: NetName=BOOT1 Pin=R4-1
Added Pin To Net: NetName=BOOT1 Pin=U3-20
Added Net: Name=BOOT1
Added Pin To Net: NetName=GND Pin=B1-0
Added Pin To Net: NetName=GND Pin=B2-0
Added Pin To Net: NetName=GND Pin=C1-2
Added Pin To Net: NetName=GND Pin=C2-2
Added Pin To Net: NetName=GND Pin=C3-2
Added Pin To Net: NetName=GND Pin=C4-2
Added Pin To Net: NetName=GND Pin=C5-2
Added Pin To Net: NetName=GND Pin=C6-2
Added Pin To Net: NetName=GND Pin=C7-2
Added Pin To Net: NetName=GND Pin=C8-2
Added Pin To Net: NetName=GND Pin=C9-2
Added Pin To Net: NetName=GND Pin=C11-2
Added Pin To Net: NetName=GND Pin=C12-2
Added Pin To Net: NetName=GND Pin=C13-2
Added Pin To Net: NetName=GND Pin=C14-2
Added Pin To Net: NetName=GND Pin=C15-2
Added Pin To Net: NetName=GND Pin=C16-2
Added Pin To Net: NetName=GND Pin=C17-2
Added Pin To Net: NetName=GND Pin=C18-2
Added Pin To Net: NetName=GND Pin=C19-2
Added Pin To Net: NetName=GND Pin=C23-2
Added Pin To Net: NetName=GND Pin=C24-2
Added Pin To Net: NetName=GND Pin=C25-2
Added Pin To Net: NetName=GND Pin=C26-2
Added Pin To Net: NetName=GND Pin=C28-2
Added Pin To Net: NetName=GND Pin=C29-2
Added Pin To Net: NetName=GND Pin=C30-2
Added Pin To Net: NetName=GND Pin=C32-2
Added Pin To Net: NetName=GND Pin=C33-2
Added Pin To Net: NetName=GND Pin=C34-2
Added Pin To Net: NetName=GND Pin=C35-2
Added Pin To Net: NetName=GND Pin=C36-2
Added Pin To Net: NetName=GND Pin=C37-2
Added Pin To Net: NetName=GND Pin=C38-2
Added Pin To Net: NetName=GND Pin=C40-2
Added Pin To Net: NetName=GND Pin=C41-2
Added Pin To Net: NetName=GND Pin=C42-2
Added Pin To Net: NetName=GND Pin=C44-2
Added Pin To Net: NetName=GND Pin=C45-2
Added Pin To Net: NetName=GND Pin=C46-2
Added Pin To Net: NetName=GND Pin=J1-4
Added Pin To Net: NetName=GND Pin=J2-4
Added Pin To Net: NetName=GND Pin=J5-5
Added Pin To Net: NetName=GND Pin=J6-1
Added Pin To Net: NetName=GND Pin=J6-2
Added Pin To Net: NetName=GND Pin=J6-7
Added Pin To Net: NetName=GND Pin=J7-2
Added Pin To Net: NetName=GND Pin=J8-3
Added Pin To Net: NetName=GND Pin=J9-3
Added Pin To Net: NetName=GND Pin=J10-3
Added Pin To Net: NetName=GND Pin=J11-3
Added Pin To Net: NetName=GND Pin=J12-3
Added Pin To Net: NetName=GND Pin=J13-3
Added Pin To Net: NetName=GND Pin=J14-3
Added Pin To Net: NetName=GND Pin=J15-3
Added Pin To Net: NetName=GND Pin=J16-3
Added Pin To Net: NetName=GND Pin=J17-3
Added Pin To Net: NetName=GND Pin=J18-3
Added Pin To Net: NetName=GND Pin=J19-3
Added Pin To Net: NetName=GND Pin=J20-3
Added Pin To Net: NetName=GND Pin=J21-3
Added Pin To Net: NetName=GND Pin=J22-3
Added Pin To Net: NetName=GND Pin=J23-3
Added Pin To Net: NetName=GND Pin=J24-6
Added Pin To Net: NetName=GND Pin=J25-3
Added Pin To Net: NetName=GND Pin=J26-3
Added Pin To Net: NetName=GND Pin=J27-3
Added Pin To Net: NetName=GND Pin=J28-3
Added Pin To Net: NetName=GND Pin=J29-3
Added Pin To Net: NetName=GND Pin=J41-3
Added Pin To Net: NetName=GND Pin=J41-6
Added Pin To Net: NetName=GND Pin=J42-5
Added Pin To Net: NetName=GND Pin=J43-5
Added Pin To Net: NetName=GND Pin=J44-5
Added Pin To Net: NetName=GND Pin=R10-1
Added Pin To Net: NetName=GND Pin=R11-1
Added Pin To Net: NetName=GND Pin=R15-1
Added Pin To Net: NetName=GND Pin=R16-1
Added Pin To Net: NetName=GND Pin=R17-1
Added Pin To Net: NetName=GND Pin=R21-1
Added Pin To Net: NetName=GND Pin=R22-1
Added Pin To Net: NetName=GND Pin=R23-1
Added Pin To Net: NetName=GND Pin=R85-1
Added Pin To Net: NetName=GND Pin=R86-1
Added Pin To Net: NetName=GND Pin=REG1-1
Added Pin To Net: NetName=GND Pin=U1-1
Added Pin To Net: NetName=GND Pin=U3-8
Added Pin To Net: NetName=GND Pin=U3-23
Added Pin To Net: NetName=GND Pin=U3-35
Added Pin To Net: NetName=GND Pin=U3-47
Added Pin To Net: NetName=GND Pin=U4-10
Added Pin To Net: NetName=GND Pin=U4-20
Added Pin To Net: NetName=GND Pin=U4-27
Added Pin To Net: NetName=GND Pin=U4-74
Added Pin To Net: NetName=GND Pin=U4-99
Added Pin To Net: NetName=GND Pin=U5-2
Added Pin To Net: NetName=GND Pin=U5-3
Added Pin To Net: NetName=GND Pin=U5-6
Added Pin To Net: NetName=GND Pin=U5-7
Added Pin To Net: NetName=GND Pin=U5-10
Added Pin To Net: NetName=GND Pin=U5-11
Added Pin To Net: NetName=GND Pin=U6-A1_B12
Added Pin To Net: NetName=GND Pin=U6-B1_A12
Added Pin To Net: NetName=GND Pin=U6-SH1
Added Pin To Net: NetName=GND Pin=U6-SH2
Added Pin To Net: NetName=GND Pin=U6-SH3
Added Pin To Net: NetName=GND Pin=U6-SH4
Added Pin To Net: NetName=GND Pin=U21-9
Added Pin To Net: NetName=GND Pin=U21-11
Added Pin To Net: NetName=GND Pin=U22-3
Added Pin To Net: NetName=GND Pin=U22-5
Added Pin To Net: NetName=GND Pin=U22-8
Added Pin To Net: NetName=GND Pin=U22-9
Added Net: Name=GND
Added Pin To Net: NetName=GPS_CON_LED Pin=U4-3
Added Net: Name=GPS_CON_LED
Added Pin To Net: NetName=I2C1_SCL Pin=J44-3
Added Pin To Net: NetName=I2C1_SCL Pin=R31-1
Added Pin To Net: NetName=I2C1_SCL Pin=U4-92
Added Net: Name=I2C1_SCL
Added Pin To Net: NetName=I2C1_SDA Pin=J44-4
Added Pin To Net: NetName=I2C1_SDA Pin=R32-1
Added Pin To Net: NetName=I2C1_SDA Pin=U4-93
Added Net: Name=I2C1_SDA
Added Pin To Net: NetName=I2C2_SCL Pin=J42-3
Added Pin To Net: NetName=I2C2_SCL Pin=R33-1
Added Pin To Net: NetName=I2C2_SCL Pin=U4-47
Added Net: Name=I2C2_SCL
Added Pin To Net: NetName=I2C2_SDA Pin=J42-4
Added Pin To Net: NetName=I2C2_SDA Pin=R81-1
Added Pin To Net: NetName=I2C2_SDA Pin=U4-48
Added Net: Name=I2C2_SDA
Added Pin To Net: NetName=I2C3_SCL Pin=R29-1
Added Pin To Net: NetName=I2C3_SCL Pin=U4-67
Added Pin To Net: NetName=I2C3_SCL Pin=U21-1
Added Pin To Net: NetName=I2C3_SCL Pin=U22-2
Added Net: Name=I2C3_SCL
Added Pin To Net: NetName=I2C3_SDA Pin=R30-1
Added Pin To Net: NetName=I2C3_SDA Pin=U4-66
Added Pin To Net: NetName=I2C3_SDA Pin=U21-16
Added Pin To Net: NetName=I2C3_SDA Pin=U22-4
Added Net: Name=I2C3_SDA
Added Pin To Net: NetName=ICM_CON_LED Pin=U4-4
Added Net: Name=ICM_CON_LED
Added Pin To Net: NetName=Lora_AUX Pin=J6-5
Added Pin To Net: NetName=Lora_AUX Pin=U4-57
Added Net: Name=Lora_AUX
Added Pin To Net: NetName=LORA_CON_LED Pin=U4-2
Added Net: Name=LORA_CON_LED
Added Pin To Net: NetName=M1 Pin=R9-1
Added Pin To Net: NetName=M1 Pin=R11-2
Added Pin To Net: NetName=M1 Pin=U3-29
Added Net: Name=M1
Added Pin To Net: NetName=M2 Pin=R14-1
Added Pin To Net: NetName=M2 Pin=R17-2
Added Pin To Net: NetName=M2 Pin=U3-30
Added Net: Name=M2
Added Pin To Net: NetName=M3 Pin=R20-1
Added Pin To Net: NetName=M3 Pin=R23-2
Added Pin To Net: NetName=M3 Pin=U3-31
Added Net: Name=M3
Added Pin To Net: NetName=M4 Pin=R8-1
Added Pin To Net: NetName=M4 Pin=R10-2
Added Pin To Net: NetName=M4 Pin=U3-32
Added Net: Name=M4
Added Pin To Net: NetName=M5 Pin=R13-1
Added Pin To Net: NetName=M5 Pin=R16-2
Added Pin To Net: NetName=M5 Pin=U3-42
Added Net: Name=M5
Added Pin To Net: NetName=M6 Pin=R19-1
Added Pin To Net: NetName=M6 Pin=R22-2
Added Pin To Net: NetName=M6 Pin=U3-43
Added Net: Name=M6
Added Pin To Net: NetName=M7 Pin=R18-1
Added Pin To Net: NetName=M7 Pin=R21-2
Added Pin To Net: NetName=M7 Pin=U3-45
Added Net: Name=M7
Added Pin To Net: NetName=M8 Pin=R12-1
Added Pin To Net: NetName=M8 Pin=R15-2
Added Pin To Net: NetName=M8 Pin=U3-46
Added Net: Name=M8
Added Pin To Net: NetName=MAG_CON_LED Pin=U4-98
Added Net: Name=MAG_CON_LED
Added Pin To Net: NetName=MAG_INT Pin=U21-15
Added Net: Name=MAG_INT
Added Pin To Net: NetName=MBOOT0 Pin=U4-94
Added Net: Name=MBOOT0
Added Pin To Net: NetName=MBOOT1 Pin=U4-37
Added Net: Name=MBOOT1
Added Pin To Net: NetName=NetC2_1 Pin=C2-1
Added Pin To Net: NetName=NetC2_1 Pin=R2-1
Added Pin To Net: NetName=NetC2_1 Pin=X1-1
Added Net: Name=NetC2_1
Added Pin To Net: NetName=NetC4_1 Pin=C4-1
Added Pin To Net: NetName=NetC4_1 Pin=U3-5
Added Pin To Net: NetName=NetC4_1 Pin=X2-2
Added Net: Name=NetC4_1
Added Pin To Net: NetName=NetC5_1 Pin=C5-1
Added Pin To Net: NetName=NetC5_1 Pin=U3-6
Added Pin To Net: NetName=NetC5_1 Pin=X2-1
Added Net: Name=NetC5_1
Added Pin To Net: NetName=NetC6_1 Pin=C6-1
Added Pin To Net: NetName=NetC6_1 Pin=U4-73
Added Net: Name=NetC6_1
Added Pin To Net: NetName=NetC8_1 Pin=C8-1
Added Pin To Net: NetName=NetC8_1 Pin=U4-49
Added Net: Name=NetC8_1
Added Pin To Net: NetName=NetC9_1 Pin=C9-1
Added Pin To Net: NetName=NetC9_1 Pin=U21-10
Added Net: Name=NetC9_1
Added Pin To Net: NetName=NetD1_C Pin=D1-C
Added Pin To Net: NetName=NetD1_C Pin=R3-1
Added Net: Name=NetD1_C
Added Pin To Net: NetName=NetD2_C Pin=D2-C
Added Pin To Net: NetName=NetD2_C Pin=R7-1
Added Net: Name=NetD2_C
Added Pin To Net: NetName=NetJ3_2 Pin=J3-2
Added Pin To Net: NetName=NetJ3_2 Pin=J6-6
Added Net: Name=NetJ3_2
Added Pin To Net: NetName=NetJ4_2 Pin=J4-2
Added Pin To Net: NetName=NetJ4_2 Pin=J7-1
Added Net: Name=NetJ4_2
Added Pin To Net: NetName=NetJ8_1 Pin=J8-1
Added Pin To Net: NetName=NetJ8_1 Pin=R8-2
Added Net: Name=NetJ8_1
Added Pin To Net: NetName=NetJ9_1 Pin=J9-1
Added Pin To Net: NetName=NetJ9_1 Pin=R9-2
Added Net: Name=NetJ9_1
Added Pin To Net: NetName=NetJ14_1 Pin=J14-1
Added Pin To Net: NetName=NetJ14_1 Pin=R12-2
Added Net: Name=NetJ14_1
Added Pin To Net: NetName=NetJ15_1 Pin=J15-1
Added Pin To Net: NetName=NetJ15_1 Pin=R13-2
Added Net: Name=NetJ15_1
Added Pin To Net: NetName=NetJ16_1 Pin=J16-1
Added Pin To Net: NetName=NetJ16_1 Pin=R14-2
Added Net: Name=NetJ16_1
Added Pin To Net: NetName=NetJ19_1 Pin=J19-1
Added Pin To Net: NetName=NetJ19_1 Pin=R18-2
Added Net: Name=NetJ19_1
Added Pin To Net: NetName=NetJ20_1 Pin=J20-1
Added Pin To Net: NetName=NetJ20_1 Pin=R19-2
Added Net: Name=NetJ20_1
Added Pin To Net: NetName=NetJ21_1 Pin=J21-1
Added Pin To Net: NetName=NetJ21_1 Pin=R20-2
Added Net: Name=NetJ21_1
Added Pin To Net: NetName=NetJ40_1 Pin=J40-1
Added Pin To Net: NetName=NetJ40_1 Pin=U2-1
Added Net: Name=NetJ40_1
Added Pin To Net: NetName=NetJ40_2 Pin=J40-2
Added Pin To Net: NetName=NetJ40_2 Pin=U2-2
Added Net: Name=NetJ40_2
Added Pin To Net: NetName=NetJ40_3 Pin=J40-3
Added Pin To Net: NetName=NetJ40_3 Pin=U2-3
Added Net: Name=NetJ40_3
Added Pin To Net: NetName=NetJ40_4 Pin=J40-4
Added Pin To Net: NetName=NetJ40_4 Pin=U2-4
Added Net: Name=NetJ40_4
Added Pin To Net: NetName=NetJ40_5 Pin=J40-5
Added Pin To Net: NetName=NetJ40_5 Pin=U2-5
Added Net: Name=NetJ40_5
Added Pin To Net: NetName=NetJ40_6 Pin=J40-6
Added Pin To Net: NetName=NetJ40_6 Pin=U2-6
Added Net: Name=NetJ40_6
Added Pin To Net: NetName=NetJ40_7 Pin=J40-7
Added Pin To Net: NetName=NetJ40_7 Pin=U2-7
Added Net: Name=NetJ40_7
Added Pin To Net: NetName=NetJ41_2 Pin=J41-2
Added Pin To Net: NetName=NetJ41_2 Pin=R4-2
Added Net: Name=NetJ41_2
Added Pin To Net: NetName=NetJ41_5 Pin=J41-5
Added Pin To Net: NetName=NetJ41_5 Pin=R5-1
Added Net: Name=NetJ41_5
Added Pin To Net: NetName=NetR3_2 Pin=R3-2
Added Pin To Net: NetName=NetR3_2 Pin=U3-2
Added Net: Name=NetR3_2
Added Pin To Net: NetName=NetR82_1 Pin=R82-1
Added Pin To Net: NetName=NetR82_1 Pin=R83-2
Added Pin To Net: NetName=NetR82_1 Pin=U6-A6
Added Pin To Net: NetName=NetR82_1 Pin=U6-B6
Added Net: Name=NetR82_1
Added Pin To Net: NetName=NetR84_2 Pin=R84-2
Added Pin To Net: NetName=NetR84_2 Pin=U6-A7
Added Pin To Net: NetName=NetR84_2 Pin=U6-B7
Added Net: Name=NetR84_2
Added Pin To Net: NetName=NetR85_2 Pin=R85-2
Added Pin To Net: NetName=NetR85_2 Pin=U6-A5
Added Net: Name=NetR85_2
Added Pin To Net: NetName=NetR86_2 Pin=R86-2
Added Pin To Net: NetName=NetR86_2 Pin=U6-B5
Added Net: Name=NetR86_2
Added Pin To Net: NetName=NRF24L01_CON_LED Pin=U4-1
Added Net: Name=NRF24L01_CON_LED
Added Pin To Net: NetName=NRF_CE Pin=U1-3
Added Pin To Net: NetName=NRF_CE Pin=U4-34
Added Net: Name=NRF_CE
Added Pin To Net: NetName=NRF_CNS Pin=U1-4
Added Pin To Net: NetName=NRF_CNS Pin=U4-33
Added Net: Name=NRF_CNS
Added Pin To Net: NetName=NRF_INT Pin=U4-35
Added Net: Name=NRF_INT
Added Pin To Net: NetName=NRF_IRQ Pin=U1-8
Added Net: Name=NRF_IRQ
Added Pin To Net: NetName=NRST1 Pin=B2-1
Added Pin To Net: NetName=NRST1 Pin=C7-1
Added Pin To Net: NetName=NRST1 Pin=R6-2
Added Pin To Net: NetName=NRST1 Pin=U4-14
Added Net: Name=NRST1
Added Pin To Net: NetName=NRST2 Pin=B1-1
Added Pin To Net: NetName=NRST2 Pin=C3-1
Added Pin To Net: NetName=NRST2 Pin=R1-2
Added Pin To Net: NetName=NRST2 Pin=U3-7
Added Net: Name=NRST2
Added Pin To Net: NetName=Pressure_INT Pin=U22-7
Added Net: Name=Pressure_INT
Added Pin To Net: NetName=RCC_OSC_IN Pin=C1-1
Added Pin To Net: NetName=RCC_OSC_IN Pin=U4-12
Added Pin To Net: NetName=RCC_OSC_IN Pin=X1-2
Added Net: Name=RCC_OSC_IN
Added Pin To Net: NetName=RCC_OSC_OUT Pin=R2-2
Added Pin To Net: NetName=RCC_OSC_OUT Pin=U4-13
Added Net: Name=RCC_OSC_OUT
Added Pin To Net: NetName=SDIO_CK Pin=J24-5
Added Pin To Net: NetName=SDIO_CK Pin=U4-80
Added Net: Name=SDIO_CK
Added Pin To Net: NetName=SDIO_CMD Pin=J24-3
Added Pin To Net: NetName=SDIO_CMD Pin=R24-1
Added Pin To Net: NetName=SDIO_CMD Pin=U4-83
Added Net: Name=SDIO_CMD
Added Pin To Net: NetName=SDIO_CON_LED Pin=U4-96
Added Net: Name=SDIO_CON_LED
Added Pin To Net: NetName=SDIO_D0 Pin=J24-7
Added Pin To Net: NetName=SDIO_D0 Pin=R28-1
Added Pin To Net: NetName=SDIO_D0 Pin=U4-65
Added Net: Name=SDIO_D0
Added Pin To Net: NetName=SDIO_D1 Pin=J24-8
Added Pin To Net: NetName=SDIO_D1 Pin=R27-2
Added Net: Name=SDIO_D1
Added Pin To Net: NetName=SDIO_D2 Pin=J24-1
Added Pin To Net: NetName=SDIO_D2 Pin=R26-1
Added Net: Name=SDIO_D2
Added Pin To Net: NetName=SDIO_D3 Pin=J24-2
Added Pin To Net: NetName=SDIO_D3 Pin=R25-1
Added Net: Name=SDIO_D3
Added Pin To Net: NetName=SDIO_P Pin=J24-9
Added Pin To Net: NetName=SDIO_P Pin=U4-82
Added Net: Name=SDIO_P
Added Pin To Net: NetName=SERVO_1 Pin=J10-2
Added Pin To Net: NetName=SERVO_1 Pin=U3-38
Added Net: Name=SERVO_1
Added Pin To Net: NetName=SERVO_2 Pin=J12-2
Added Pin To Net: NetName=SERVO_2 Pin=U3-39
Added Net: Name=SERVO_2
Added Pin To Net: NetName=SERVO_3 Pin=J17-2
Added Pin To Net: NetName=SERVO_3 Pin=U3-21
Added Net: Name=SERVO_3
Added Pin To Net: NetName=SERVO_4 Pin=J22-2
Added Pin To Net: NetName=SERVO_4 Pin=U3-22
Added Net: Name=SERVO_4
Added Pin To Net: NetName=SERVO_5 Pin=J11-2
Added Pin To Net: NetName=SERVO_5 Pin=U3-16
Added Net: Name=SERVO_5
Added Pin To Net: NetName=SERVO_6 Pin=J13-2
Added Pin To Net: NetName=SERVO_6 Pin=U3-17
Added Net: Name=SERVO_6
Added Pin To Net: NetName=SERVO_7 Pin=J18-2
Added Pin To Net: NetName=SERVO_7 Pin=U3-18
Added Net: Name=SERVO_7
Added Pin To Net: NetName=SERVO_8 Pin=J23-2
Added Pin To Net: NetName=SERVO_8 Pin=U3-19
Added Net: Name=SERVO_8
Added Pin To Net: NetName=SPI1_MISO Pin=U1-7
Added Pin To Net: NetName=SPI1_MISO Pin=U4-31
Added Net: Name=SPI1_MISO
Added Pin To Net: NetName=SPI1_MOSI Pin=U1-6
Added Pin To Net: NetName=SPI1_MOSI Pin=U4-32
Added Net: Name=SPI1_MOSI
Added Pin To Net: NetName=SPI1_SCK Pin=U1-5
Added Pin To Net: NetName=SPI1_SCK Pin=U4-30
Added Net: Name=SPI1_SCK
Added Pin To Net: NetName=SPI2_CS Pin=U3-25
Added Pin To Net: NetName=SPI2_CS Pin=U4-51
Added Net: Name=SPI2_CS
Added Pin To Net: NetName=SPI2_MISO Pin=U3-27
Added Pin To Net: NetName=SPI2_MISO Pin=U4-53
Added Net: Name=SPI2_MISO
Added Pin To Net: NetName=SPI2_MOSI Pin=U3-28
Added Pin To Net: NetName=SPI2_MOSI Pin=U4-54
Added Net: Name=SPI2_MOSI
Added Pin To Net: NetName=SPI2_SCK Pin=U3-26
Added Pin To Net: NetName=SPI2_SCK Pin=U4-52
Added Net: Name=SPI2_SCK
Added Pin To Net: NetName=SPI3_CS Pin=U4-88
Added Pin To Net: NetName=SPI3_CS Pin=U5-12
Added Net: Name=SPI3_CS
Added Pin To Net: NetName=SPI3_INT1 Pin=U4-87
Added Pin To Net: NetName=SPI3_INT1 Pin=U5-4
Added Net: Name=SPI3_INT1
Added Pin To Net: NetName=SPI3_INT2 Pin=U4-86
Added Pin To Net: NetName=SPI3_INT2 Pin=U5-9
Added Net: Name=SPI3_INT2
Added Pin To Net: NetName=SPI3_MISO Pin=U4-90
Added Pin To Net: NetName=SPI3_MISO Pin=U5-1
Added Net: Name=SPI3_MISO
Added Pin To Net: NetName=SPI3_MOSI Pin=U4-91
Added Pin To Net: NetName=SPI3_MOSI Pin=U5-14
Added Net: Name=SPI3_MOSI
Added Pin To Net: NetName=SPI3_SCK Pin=U4-89
Added Pin To Net: NetName=SPI3_SCK Pin=U5-13
Added Net: Name=SPI3_SCK
Added Pin To Net: NetName=SPI_CON_LED Pin=R7-2
Added Pin To Net: NetName=SPI_CON_LED Pin=U3-33
Added Net: Name=SPI_CON_LED
Added Pin To Net: NetName=SYS_SWCLCK1 Pin=J2-2
Added Pin To Net: NetName=SYS_SWCLCK1 Pin=U4-76
Added Net: Name=SYS_SWCLCK1
Added Pin To Net: NetName=SYS_SWCLCK2 Pin=J1-2
Added Pin To Net: NetName=SYS_SWCLCK2 Pin=U3-37
Added Net: Name=SYS_SWCLCK2
Added Pin To Net: NetName=SYS_SWDIO1 Pin=J2-3
Added Pin To Net: NetName=SYS_SWDIO1 Pin=U4-72
Added Net: Name=SYS_SWDIO1
Added Pin To Net: NetName=SYS_SWDIO2 Pin=J1-3
Added Pin To Net: NetName=SYS_SWDIO2 Pin=U3-34
Added Net: Name=SYS_SWDIO2
Added Pin To Net: NetName=UART2_RX Pin=J5-4
Added Pin To Net: NetName=UART2_RX Pin=U4-26
Added Net: Name=UART2_RX
Added Pin To Net: NetName=UART2_TX Pin=J5-3
Added Pin To Net: NetName=UART2_TX Pin=U4-25
Added Net: Name=UART2_TX
Added Pin To Net: NetName=UART3_RX Pin=J6-4
Added Pin To Net: NetName=UART3_RX Pin=U4-56
Added Net: Name=UART3_RX
Added Pin To Net: NetName=UART3_TX Pin=J6-3
Added Pin To Net: NetName=UART3_TX Pin=U4-55
Added Net: Name=UART3_TX
Added Pin To Net: NetName=UART4_RX Pin=J43-4
Added Pin To Net: NetName=UART4_RX Pin=U4-24
Added Net: Name=UART4_RX
Added Pin To Net: NetName=UART4_TX Pin=J43-3
Added Pin To Net: NetName=UART4_TX Pin=U4-23
Added Net: Name=UART4_TX
Added Pin To Net: NetName=UART6_RX Pin=J7-3
Added Pin To Net: NetName=UART6_RX Pin=U4-64
Added Net: Name=UART6_RX
Added Pin To Net: NetName=UART6_TX Pin=J7-4
Added Pin To Net: NetName=UART6_TX Pin=U4-63
Added Net: Name=UART6_TX
Added Pin To Net: NetName=USB_CON_LED Pin=U4-97
Added Net: Name=USB_CON_LED
Added Pin To Net: NetName=USB_DM Pin=R84-1
Added Pin To Net: NetName=USB_DM Pin=U4-70
Added Net: Name=USB_DM
Added Pin To Net: NetName=USB_DP Pin=R83-1
Added Pin To Net: NetName=USB_DP Pin=U4-71
Added Net: Name=USB_DP
Added Class: Name=Falcon
Added Rule: Name=Schematic Supply Nets
